<?xml version="1.0" encoding="UTF-8"?>
<!-- Generated by org.testng.reporters.JUnitReportReporter -->
<testsuite hostname="LAPTOP-QSGCCT8E" name="com.qa.crm.testcases.LoginpageTest" tests="3" failures="0" timestamp="2 Jan 2021 03:21:46 GMT" time="8.334" errors="0">
  <testcase name="loginFunctionalityTest" time="8.253" classname="com.qa.crm.testcases.LoginpageTest"/>
  <testcase name="loginPageUrlTest" time="0.045" classname="com.qa.crm.testcases.LoginpageTest"/>
  <testcase name="loginPageTitleTest" time="0.036" classname="com.qa.crm.testcases.LoginpageTest"/>
</testsuite> <!-- com.qa.crm.testcases.LoginpageTest -->
