<?xml version="1.0" encoding="UTF-8"?>
<!-- Generated by org.testng.reporters.JUnitReportReporter -->
<testsuite skipped="0" hostname="LAPTOP-QSGCCT8E" name="com.qa.crm.testcases.LoginpageTest" tests="3" failures="0" timestamp="02 Jan 2021 03:47:40 GMT" time="8.220" errors="0">
  <testcase name="loginPageUrlTest" time="0.013" classname="com.qa.crm.testcases.LoginpageTest"/>
  <testcase name="loginPageTitleTest" time="0.011" classname="com.qa.crm.testcases.LoginpageTest"/>
  <testcase name="loginFunctionalityTest" time="8.196" classname="com.qa.crm.testcases.LoginpageTest"/>
</testsuite> <!-- com.qa.crm.testcases.LoginpageTest -->
