<?xml version="1.0" encoding="UTF-8"?>
<!-- Generated by org.testng.reporters.JUnitReportReporter -->
<testsuite skipped="0" hostname="LAPTOP-QSGCCT8E" name="com.qa.crm.testcases.HomepageTest" tests="1" failures="0" timestamp="02 Jan 2021 03:47:40 GMT" time="0.275" errors="0">
  <testcase name="homePageUserLabelValidationTest" time="0.275" classname="com.qa.crm.testcases.HomepageTest"/>
</testsuite> <!-- com.qa.crm.testcases.HomepageTest -->
